Using pre-set license
Built from '2021.1/staging' branch; Version is '2021.1.12f1 (afcadd793de6) revision 11520733'; Using compiler version '192528614'; Build Type 'Release'
OS: 'Windows 10 Home; OS build 19043.1526; Version 2009; 64bit' Language: 'es' Physical Memory: 6046 MB
BatchMode: 1, IsHumanControllingUs: 0, StartBugReporterOnCrash: 0, Is64bit: 1, IsPro: 0

 COMMAND LINE ARGUMENTS:
C:\Program Files\Unity\Hub\Editor\2021.1.12f1\Editor\Unity.exe
-adb2
-batchMode
-noUpm
-name
AssetImportWorker25
-projectPath
C:/Users/MarioVM/Documents/GitHub/WackyRun3D
-logFile
Logs/AssetImportWorker25.log
-srvPort
64259
Successfully changed project path to: C:/Users/MarioVM/Documents/GitHub/WackyRun3D
C:/Users/MarioVM/Documents/GitHub/WackyRun3D
Using Asset Import Pipeline V2.
Refreshing native plugins compatible for Editor in 449.79 ms, found 3 plugins.
Preloading 0 native plugins for Editor in 0.00 ms.
Initialize engine version: 2021.1.12f1 (afcadd793de6)
[Subsystems] Discovering subsystems at path C:/Program Files/Unity/Hub/Editor/2021.1.12f1/Editor/Data/Resources/UnitySubsystems
[Subsystems] Discovering subsystems at path C:/Users/MarioVM/Documents/GitHub/WackyRun3D/Assets
GfxDevice: creating device client; threaded=0; jobified=0
Direct3D:
    Version:  Direct3D 11.0 [level 11.0]
    Renderer: NVIDIA GeForce 920M (ID=0x1299)
    Vendor:   NVIDIA
    VRAM:     2020 MB
    Driver:   23.21.13.8857
Initialize mono
Mono path[0] = 'C:/Program Files/Unity/Hub/Editor/2021.1.12f1/Editor/Data/Managed'
Mono path[1] = 'C:/Program Files/Unity/Hub/Editor/2021.1.12f1/Editor/Data/MonoBleedingEdge/lib/mono/unityjit'
Mono config path = 'C:/Program Files/Unity/Hub/Editor/2021.1.12f1/Editor/Data/MonoBleedingEdge/etc'
Using monoOptions --debugger-agent=transport=dt_socket,embedding=1,server=y,suspend=n,address=127.0.0.1:56776
Begin MonoManager ReloadAssembly
Registering precompiled unity dll's ...
Register platform support module: C:/Program Files/Unity/Hub/Editor/2021.1.12f1/Editor/Data/PlaybackEngines/WindowsStandaloneSupport/UnityEditor.WindowsStandalone.Extensions.dll
Registered in 0.015246 seconds.
Native extension for WindowsStandalone target not found
Refreshing native plugins compatible for Editor in 341.18 ms, found 3 plugins.
Preloading 0 native plugins for Editor in 0.00 ms.
Mono: successfully reloaded assembly
- Completed reload, in  7.073 seconds
Domain Reload Profiling:
	ReloadAssembly (7073ms)
		BeginReloadAssembly (291ms)
			ExecutionOrderSort (0ms)
			DisableScriptedObjects (0ms)
			BackupInstance (0ms)
			ReleaseScriptingObjects (0ms)
			CreateAndSetChildDomain (4ms)
		EndReloadAssembly (2023ms)
			LoadAssemblies (280ms)
			RebuildTransferFunctionScriptingTraits (0ms)
			SetupTypeCache (729ms)
			ReleaseScriptCaches (0ms)
			RebuildScriptCaches (130ms)
			SetupLoadedEditorAssemblies (955ms)
				LogAssemblyErrors (0ms)
				InitializePlatformSupportModulesInManaged (23ms)
				SetLoadedEditorAssemblies (1ms)
				RefreshPlugins (341ms)
				BeforeProcessingInitializeOnLoad (3ms)
				ProcessInitializeOnLoadAttributes (463ms)
				ProcessInitializeOnLoadMethodAttributes (122ms)
				AfterProcessingInitializeOnLoad (0ms)
				EditorAssembliesLoaded (1ms)
			ExecutionOrderSort2 (0ms)
			AwakeInstancesAfterBackupRestoration (0ms)
Platform modules already initialized, skipping
Registering precompiled user dll's ...
Registered in 0.035190 seconds.
Begin MonoManager ReloadAssembly
Symbol file LoadedFromMemory doesn't match image C:\Users\MarioVM\Documents\GitHub\WackyRun3D\Library\PackageCache\com.unity.visualscripting@1.6.1\Editor\VisualScripting.Core\Dependencies\YamlDotNet\Unity.VisualScripting.YamlDotNet.dll
Symbol file LoadedFromMemory doesn't match image C:\Users\MarioVM\Documents\GitHub\WackyRun3D\Library\PackageCache\com.unity.visualscripting@1.6.1\Editor\VisualScripting.Core\Dependencies\DotNetZip\Unity.VisualScripting.IonicZip.dll
Native extension for WindowsStandalone target not found
Refreshing native plugins compatible for Editor in 2.60 ms, found 3 plugins.
Preloading 0 native plugins for Editor in 0.00 ms.
Mono: successfully reloaded assembly
- Completed reload, in 10.725 seconds
Domain Reload Profiling:
	ReloadAssembly (10728ms)
		BeginReloadAssembly (712ms)
			ExecutionOrderSort (0ms)
			DisableScriptedObjects (21ms)
			BackupInstance (0ms)
			ReleaseScriptingObjects (0ms)
			CreateAndSetChildDomain (134ms)
		EndReloadAssembly (9735ms)
			LoadAssemblies (664ms)
			RebuildTransferFunctionScriptingTraits (0ms)
			SetupTypeCache (3385ms)
			ReleaseScriptCaches (2ms)
			RebuildScriptCaches (406ms)
			SetupLoadedEditorAssemblies (4406ms)
				LogAssemblyErrors (0ms)
				InitializePlatformSupportModulesInManaged (65ms)
				SetLoadedEditorAssemblies (1ms)
				RefreshPlugins (3ms)
				BeforeProcessingInitializeOnLoad (473ms)
				ProcessInitializeOnLoadAttributes (3801ms)
				ProcessInitializeOnLoadMethodAttributes (21ms)
				AfterProcessingInitializeOnLoad (40ms)
				EditorAssembliesLoaded (1ms)
			ExecutionOrderSort2 (0ms)
			AwakeInstancesAfterBackupRestoration (30ms)
Platform modules already initialized, skipping
========================================================================
Worker process is ready to serve import requests
Launched and connected shader compiler UnityShaderCompiler.exe after 1.30 seconds
Refreshing native plugins compatible for Editor in 1.99 ms, found 3 plugins.
Preloading 0 native plugins for Editor in 0.00 ms.
Unloading 3059 Unused Serialized files (Serialized files now loaded: 0)
System memory in use before: 186.8 MB.
System memory in use after: 187.0 MB.

Unloading 23 unused Assets to reduce memory usage. Loaded Objects now: 3509.
Total: 29.811100 ms (FindLiveObjects: 1.378800 ms CreateObjectMapping: 0.642300 ms MarkObjects: 27.605200 ms  DeleteObjects: 0.175200 ms)

AssetImportParameters requested are different than current active one (requested -> active):
  custom:framework-win-MediaFoundation: 216162199b28c13a410421893ffa2e32 -> 
  custom:video-decoder-ogg-theora: a1e56fd34408186e4bbccfd4996cb3dc -> 
  custom:container-muxer-webm: aa71ff27fc2769a1b78a27578f13a17b -> 
  custom:container-demuxer-webm: 4f35f7cbe854078d1ac9338744f61a02 -> 
  custom:container-demuxer-ogg: 62fdf1f143b41e24485cea50d1cbac27 -> 
  custom:video-encoder-webm-vp8: eb34c28f22e8b96e1ab97ce403110664 -> 
  custom:video-codec-MediaFoundation-h265: 746d11721c4dcdbdad8f713fa42b33f4 -> 
  custom:video-decoder-webm-vp8: 9c59270c3fd7afecdb556c50c9e8de78 -> 
  custom:audio-decoder-ogg-vorbis: bf7c407c2cedff20999df2af8eb42d56 -> 
  custom:audio-encoder-webm-vorbis: bf7c407c2cedff20999df2af8eb42d56 -> 
========================================================================
Received Import Request.
  path: Assets/Model/Spider1/SourceFiles/Texture/Spider1.png
  artifactKey: Guid(3bdec5de96b7f2c439270932cbbe03ad) Importer(815301076,1909f56bfc062723c751e8b465ee728b)
Start importing Assets/Model/Spider1/SourceFiles/Texture/Spider1.png using Guid(3bdec5de96b7f2c439270932cbbe03ad) Importer(815301076,1909f56bfc062723c751e8b465ee728b)  -> (artifact id: '6c92366abe18d515a820b282ccae1798') in 4.651713 seconds 
========================================================================
Received Import Request.
  Time since last request: 0.001020 seconds.
  path: Assets/Scenes/Level1Scene/ReflectionProbe-0.exr
  artifactKey: Guid(2213577f3889bf74b838fa045de45a10) Importer(815301076,1909f56bfc062723c751e8b465ee728b)
Start importing Assets/Scenes/Level1Scene/ReflectionProbe-0.exr using Guid(2213577f3889bf74b838fa045de45a10) Importer(815301076,1909f56bfc062723c751e8b465ee728b)  -> (artifact id: 'e40650b2c2ef36d8b1d72b6713a111f7') in 13.671698 seconds 
========================================================================
Received Import Request.
  Time since last request: 0.001061 seconds.
  path: Assets/Sprites/Keys/Esc.png
  artifactKey: Guid(a548badd6d9d73542b73dad9329aa037) Importer(815301076,1909f56bfc062723c751e8b465ee728b)
Start importing Assets/Sprites/Keys/Esc.png using Guid(a548badd6d9d73542b73dad9329aa037) Importer(815301076,1909f56bfc062723c751e8b465ee728b)  -> (artifact id: '6ad0228e0c02a60ccd53d91c6a5fd860') in 5.781310 seconds 
========================================================================
Received Import Request.
  Time since last request: 0.000924 seconds.
  path: Assets/Materials/RaceObjects/Textures/Track_Texture.png
  artifactKey: Guid(df3a2f2806cd8074cb8235cf73db76f9) Importer(815301076,1909f56bfc062723c751e8b465ee728b)
Start importing Assets/Materials/RaceObjects/Textures/Track_Texture.png using Guid(df3a2f2806cd8074cb8235cf73db76f9) Importer(815301076,1909f56bfc062723c751e8b465ee728b)  -> (artifact id: 'd01b8b7f4fd782d05b6f04b03a641f5a') in 0.838912 seconds 
========================================================================
Received Import Request.
  Time since last request: 0.000801 seconds.
  path: Assets/Model/TurboTerrific/textures/Pare-bri.png
  artifactKey: Guid(a10f348564139e54e8051d769f8342a5) Importer(815301076,1909f56bfc062723c751e8b465ee728b)
Start importing Assets/Model/TurboTerrific/textures/Pare-bri.png using Guid(a10f348564139e54e8051d769f8342a5) Importer(815301076,1909f56bfc062723c751e8b465ee728b)  -> (artifact id: 'd785dfe73f1a48b8b339c8fcb3a9633b') in 1.864190 seconds 
========================================================================
Received Import Request.
  Time since last request: 0.068005 seconds.
  path: Assets/Model/TheArmySurplus/TheArmyTextures/Phares.png
  artifactKey: Guid(fcb10e70c2a5a1d46828f60dcb45c19a) Importer(815301076,1909f56bfc062723c751e8b465ee728b)
Start importing Assets/Model/TheArmySurplus/TheArmyTextures/Phares.png using Guid(fcb10e70c2a5a1d46828f60dcb45c19a) Importer(815301076,1909f56bfc062723c751e8b465ee728b)  -> (artifact id: 'b5deaee0ae3249ac00eb9583b65d9444') in 0.565886 seconds 
========================================================================
Received Import Request.
  Time since last request: 0.000697 seconds.
  path: Assets/Model/TheArmySurplus/TheArmyTextures/RAC.png
  artifactKey: Guid(bbcd4a62ecb721542b02c326f43e8fc9) Importer(815301076,1909f56bfc062723c751e8b465ee728b)
Start importing Assets/Model/TheArmySurplus/TheArmyTextures/RAC.png using Guid(bbcd4a62ecb721542b02c326f43e8fc9) Importer(815301076,1909f56bfc062723c751e8b465ee728b)  -> (artifact id: '34936eadc2002171b1cb57fbbec97757') in 0.708497 seconds 
========================================================================
Received Import Request.
  Time since last request: 0.002400 seconds.
  path: Assets/Model/Fox/Textures/T_Fox_Normal.png
  artifactKey: Guid(928b919063a51c0419938a86dfc30832) Importer(815301076,1909f56bfc062723c751e8b465ee728b)
Start importing Assets/Model/Fox/Textures/T_Fox_Normal.png using Guid(928b919063a51c0419938a86dfc30832) Importer(815301076,1909f56bfc062723c751e8b465ee728b)  -> (artifact id: '56ad1f457fb72762d143d894f82f2aee') in 2.006641 seconds 
========================================================================
Received Import Request.
  Time since last request: 0.001844 seconds.
  path: Assets/Model/Fox/Textures/T_Fox_AO.png
  artifactKey: Guid(de207d8f5cd3bc944807063352ece8be) Importer(815301076,1909f56bfc062723c751e8b465ee728b)
Start importing Assets/Model/Fox/Textures/T_Fox_AO.png using Guid(de207d8f5cd3bc944807063352ece8be) Importer(815301076,1909f56bfc062723c751e8b465ee728b)  -> (artifact id: '4628c9a2eeaec7c635d16a305b960e2a') in 2.622928 seconds 
========================================================================
Received Import Request.
  Time since last request: 0.000591 seconds.
  path: Assets/Sprites/AcelerateDescelerate/accelerateIndicator.png
  artifactKey: Guid(025e4d8217041a54682e0ed770a856b4) Importer(815301076,1909f56bfc062723c751e8b465ee728b)
Start importing Assets/Sprites/AcelerateDescelerate/accelerateIndicator.png using Guid(025e4d8217041a54682e0ed770a856b4) Importer(815301076,1909f56bfc062723c751e8b465ee728b)  -> (artifact id: '68c278c3078ed4b03402b583ea7c90c5') in 0.463494 seconds 
========================================================================
Received Import Request.
  Time since last request: 0.000620 seconds.
  path: Assets/Scenes/Level2Scene/ReflectionProbe-0.exr
  artifactKey: Guid(ea31fd1a8259e1742b19088b3ed45d6e) Importer(815301076,1909f56bfc062723c751e8b465ee728b)
Start importing Assets/Scenes/Level2Scene/ReflectionProbe-0.exr using Guid(ea31fd1a8259e1742b19088b3ed45d6e) Importer(815301076,1909f56bfc062723c751e8b465ee728b)  -> (artifact id: '693e5bcb0afc5d79a5c3a9b2894efb97') in 0.741447 seconds 
========================================================================
Received Import Request.
  Time since last request: 0.001770 seconds.
  path: Assets/Materials/Stage/Textures/PP_Color_Palette.png
  artifactKey: Guid(cffb506ec5b6cc94498def65473d32ed) Importer(815301076,1909f56bfc062723c751e8b465ee728b)
Start importing Assets/Materials/Stage/Textures/PP_Color_Palette.png using Guid(cffb506ec5b6cc94498def65473d32ed) Importer(815301076,1909f56bfc062723c751e8b465ee728b)  -> (artifact id: '995b2c9e858a4e26165ef3c2177f597c') in 0.358345 seconds 
========================================================================
Received Import Request.
  Time since last request: 0.000675 seconds.
  path: Assets/Sprites/GameIcon/icon.PNG
  artifactKey: Guid(9ee16d5864b8d114d9307aa91a5feccc) Importer(815301076,1909f56bfc062723c751e8b465ee728b)
Start importing Assets/Sprites/GameIcon/icon.PNG using Guid(9ee16d5864b8d114d9307aa91a5feccc) Importer(815301076,1909f56bfc062723c751e8b465ee728b)  -> (artifact id: '7154f2a606b7cea1424fff30ba04c9cf') in 0.753486 seconds 
========================================================================
Received Import Request.
  Time since last request: 0.000667 seconds.
  path: Assets/Scenes/Level3Scene/ReflectionProbe-0.exr
  artifactKey: Guid(c81aadc9cdbe8ac4ca82e7a365e0fe6e) Importer(815301076,1909f56bfc062723c751e8b465ee728b)
Start importing Assets/Scenes/Level3Scene/ReflectionProbe-0.exr using Guid(c81aadc9cdbe8ac4ca82e7a365e0fe6e) Importer(815301076,1909f56bfc062723c751e8b465ee728b)  -> (artifact id: '064f30a7cae31abf68a6bf0097f21674') in 0.116344 seconds 
========================================================================
Received Import Request.
  Time since last request: 0.000575 seconds.
  path: Assets/Model/TheArmySurplus/TheArmyTextures/Roulemen.png
  artifactKey: Guid(1ad141ca0db0fec49a9288f89caa07fd) Importer(815301076,1909f56bfc062723c751e8b465ee728b)
Start importing Assets/Model/TheArmySurplus/TheArmyTextures/Roulemen.png using Guid(1ad141ca0db0fec49a9288f89caa07fd) Importer(815301076,1909f56bfc062723c751e8b465ee728b)  -> (artifact id: '6b6cb0545c8d612a4ba3e1c5a9d3f48f') in 0.348830 seconds 
========================================================================
Received Import Request.
  Time since last request: 0.001770 seconds.
  path: Assets/Scenes/MainMenuScene/ReflectionProbe-0.exr
  artifactKey: Guid(c550364c7695b024699e70ae32590ef2) Importer(815301076,1909f56bfc062723c751e8b465ee728b)
Start importing Assets/Scenes/MainMenuScene/ReflectionProbe-0.exr using Guid(c550364c7695b024699e70ae32590ef2) Importer(815301076,1909f56bfc062723c751e8b465ee728b)  -> (artifact id: 'd0ec17fa8ecde4baf450d22955b3831b') in 0.258413 seconds 
========================================================================
Received Import Request.
  Time since last request: 0.000667 seconds.
  path: Assets/Model/Fox/Textures/T_Fox_BC.png
  artifactKey: Guid(79796825a2ee329439a7e85260061098) Importer(815301076,1909f56bfc062723c751e8b465ee728b)
Start importing Assets/Model/Fox/Textures/T_Fox_BC.png using Guid(79796825a2ee329439a7e85260061098) Importer(815301076,1909f56bfc062723c751e8b465ee728b)  -> (artifact id: 'cd35586e602278c032e890af16437958') in 0.151483 seconds 
========================================================================
Received Import Request.
  Time since last request: 0.000626 seconds.
  path: Assets/Sprites/AcelerateDescelerate/breakInidicator.png
  artifactKey: Guid(f036358edddce994c8932a7cbea23f29) Importer(815301076,1909f56bfc062723c751e8b465ee728b)
Start importing Assets/Sprites/AcelerateDescelerate/breakInidicator.png using Guid(f036358edddce994c8932a7cbea23f29) Importer(815301076,1909f56bfc062723c751e8b465ee728b)  -> (artifact id: 'ea8b194ed77d8862bbf2524da6d5f8c1') in 0.416731 seconds 
========================================================================
Received Import Request.
  Time since last request: 0.000582 seconds.
  path: Assets/Model/TheArmySurplus/TheArmyTextures/Tourelle.png
  artifactKey: Guid(5062e5a0f80409c43840442086f2b265) Importer(815301076,1909f56bfc062723c751e8b465ee728b)
Start importing Assets/Model/TheArmySurplus/TheArmyTextures/Tourelle.png using Guid(5062e5a0f80409c43840442086f2b265) Importer(815301076,1909f56bfc062723c751e8b465ee728b)  -> (artifact id: 'ac2e480f4917c75c7a43e1af14d3f2c6') in 0.191739 seconds 
========================================================================
Received Import Request.
  Time since last request: 0.000670 seconds.
  path: Assets/Materials/Particles/llamas.png
  artifactKey: Guid(0e05cb0dc86910c4087158797736efda) Importer(815301076,1909f56bfc062723c751e8b465ee728b)
Start importing Assets/Materials/Particles/llamas.png using Guid(0e05cb0dc86910c4087158797736efda) Importer(815301076,1909f56bfc062723c751e8b465ee728b)  -> (artifact id: '8c553b80104c141ecf0aa92bbf0463c9') in 0.878284 seconds 
========================================================================
Received Import Request.
  Time since last request: 0.000579 seconds.
  path: Assets/Model/TheArmySurplus/TheArmyTextures/Rouleau.png
  artifactKey: Guid(907faa6940789074885cdda007f0001c) Importer(815301076,1909f56bfc062723c751e8b465ee728b)
Start importing Assets/Model/TheArmySurplus/TheArmyTextures/Rouleau.png using Guid(907faa6940789074885cdda007f0001c) Importer(815301076,1909f56bfc062723c751e8b465ee728b)  -> (artifact id: '4a5b661ea97f2841487ab36a413c55d7') in 0.313634 seconds 
========================================================================
Received Import Request.
  Time since last request: 0.000583 seconds.
  path: Assets/Model/Spider1/SourceFiles/Texture/Spider1_bw.png
  artifactKey: Guid(7e560b23d687a154d80afed3ff2f3e79) Importer(815301076,1909f56bfc062723c751e8b465ee728b)
Start importing Assets/Model/Spider1/SourceFiles/Texture/Spider1_bw.png using Guid(7e560b23d687a154d80afed3ff2f3e79) Importer(815301076,1909f56bfc062723c751e8b465ee728b)  -> (artifact id: '8ff404930b348e01d93cdfdee289e00e') in 0.225501 seconds 
========================================================================
Received Import Request.
  Time since last request: 1401.820214 seconds.
  path: Assets/Sprites/GameIcon/icon.PNG.png
  artifactKey: Guid(de8af8c723f556049b96fc84cac4bffb) Importer(815301076,1909f56bfc062723c751e8b465ee728b)
Start importing Assets/Sprites/GameIcon/icon.PNG.png using Guid(de8af8c723f556049b96fc84cac4bffb) Importer(815301076,1909f56bfc062723c751e8b465ee728b)  -> (artifact id: 'bea1deb294e2d7ed33328d3c40d4f9ba') in 0.224708 seconds 
